[INFO] Compiling module AppWidgetset
[INFO] 
[INFO] ----------------------------------------------------------------------------------------------------------------------
[INFO] Vaadin Charts 3 registered to ollit@vaadin.com (Pro Tools subscription)
[INFO] ----------------------------------------------------------------------------------------------------------------------
[INFO] 
[INFO] Computing all possible rebind results for 'com.vaadin.client.metadata.ConnectorBundleLoader'
[INFO] Rebinding com.vaadin.client.metadata.ConnectorBundleLoader
[INFO] Invoking generator com.vaadin.server.widgetsetutils.ConnectorBundleLoaderFactory
[INFO] Populating eager bundle
[INFO] Visiting ChartConnector with ConnectorInitVisitor
[INFO] ChartConnector will be in the eager bundle
[INFO] Will serialize class com.vaadin.addon.charts.shared.ChartState as a bean
[INFO] Will serialize class com.vaadin.shared.communication.URLReference using URLReference_Serializer
[INFO] Visiting ChartOptionsConnector with ConnectorInitVisitor
[INFO] ChartOptionsConnector will be in the eager bundle
[INFO] Will serialize class com.vaadin.addon.charts.shared.ChartOptionsState as a bean
[INFO] Visiting TimelineConnector with ConnectorInitVisitor
[INFO] TimelineConnector will be in the eager bundle
[INFO] Will serialize class com.vaadin.shared.AbstractComponentState as a bean
[INFO] Visiting JavaScriptExtension with ConnectorInitVisitor
[INFO] JavaScriptExtension will be in the eager bundle
[INFO] Will serialize class com.vaadin.shared.JavaScriptExtensionState as a bean
[INFO] Visiting BrowserWindowOpenerConnector with ConnectorInitVisitor
[INFO] BrowserWindowOpenerConnector will be in the eager bundle
[INFO] Will serialize class com.vaadin.shared.ui.BrowserWindowOpenerState as a bean
[INFO] Visiting FileDownloaderConnector with ConnectorInitVisitor
[INFO] FileDownloaderConnector will be in the eager bundle
[INFO] Will serialize class com.vaadin.shared.communication.SharedState as a bean
[INFO] Visiting ResponsiveConnector with ConnectorInitVisitor
[INFO] ResponsiveConnector will be in the eager bundle
[INFO] Visiting RpcDataSourceConnector with ConnectorInitVisitor
[INFO] RpcDataSourceConnector will be in the eager bundle
[INFO] Visiting AbsoluteLayoutConnector with ConnectorInitVisitor
[INFO] AbsoluteLayoutConnector will be in the eager bundle
[INFO] Will serialize class com.vaadin.shared.ui.absolutelayout.AbsoluteLayoutState as a bean
[INFO] Visiting JavaScriptComponentConnector with ConnectorInitVisitor
[INFO] JavaScriptComponentConnector will be in the eager bundle
[INFO] Will serialize class com.vaadin.shared.ui.JavaScriptComponentState as a bean
[INFO] Visiting AccordionConnector with ConnectorInitVisitor
[INFO] AccordionConnector will be in the eager bundle
[INFO] Will serialize class com.vaadin.shared.ui.accordion.AccordionState as a bean
[INFO] Will serialize class com.vaadin.shared.ui.tabsheet.TabState as a bean
[INFO] Visiting AudioConnector with ConnectorInitVisitor
[INFO] AudioConnector will be in the eager bundle
[INFO] Will serialize class com.vaadin.shared.ui.audio.AudioState as a bean
[INFO] Visiting BrowserFrameConnector with ConnectorInitVisitor
[INFO] BrowserFrameConnector will be in the eager bundle
[INFO] Will serialize class com.vaadin.shared.ui.browserframe.BrowserFrameState as a bean
[INFO] Visiting ButtonConnector with ConnectorInitVisitor
[INFO] ButtonConnector will be in the eager bundle
[INFO] Will serialize class com.vaadin.shared.ui.button.ButtonState as a bean
[INFO] Visiting CheckBoxConnector with ConnectorInitVisitor
[INFO] CheckBoxConnector will be in the eager bundle
[INFO] Will serialize class com.vaadin.shared.ui.checkbox.CheckBoxState as a bean
[INFO] Visiting ComboBoxConnector with ConnectorInitVisitor
[INFO] ComboBoxConnector will be in the eager bundle
[INFO] Will serialize class com.vaadin.shared.ui.combobox.ComboBoxState as a bean
[INFO] Visiting CssLayoutConnector with ConnectorInitVisitor
[INFO] CssLayoutConnector will be in the eager bundle
[INFO] Will serialize class com.vaadin.shared.ui.csslayout.CssLayoutState as a bean
[INFO] Visiting CustomComponentConnector with ConnectorInitVisitor
[INFO] CustomComponentConnector will be in the eager bundle
[INFO] Visiting CustomFieldConnector with ConnectorInitVisitor
[INFO] CustomFieldConnector will be in the eager bundle
[INFO] Will serialize class com.vaadin.shared.AbstractFieldState as a bean
[INFO] Visiting CustomLayoutConnector with ConnectorInitVisitor
[INFO] CustomLayoutConnector will be in the eager bundle
[INFO] Will serialize class com.vaadin.shared.ui.customlayout.CustomLayoutState as a bean
[INFO] Visiting DateFieldConnector with ConnectorInitVisitor
[INFO] DateFieldConnector will be in the eager bundle
[INFO] Will serialize class com.vaadin.shared.ui.datefield.PopupDateFieldState as a bean
[INFO] Will serialize class java.util.Date using Date_Serializer
[INFO] Visiting DragAndDropWrapperConnector with ConnectorInitVisitor
[INFO] DragAndDropWrapperConnector will be in the eager bundle
[INFO] Visiting EmbeddedConnector with ConnectorInitVisitor
[INFO] EmbeddedConnector will be in the eager bundle
[INFO] Will serialize class com.vaadin.shared.ui.embedded.EmbeddedState as a bean
[INFO] Visiting FlashConnector with ConnectorInitVisitor
[INFO] FlashConnector will be in the eager bundle
[INFO] Will serialize class com.vaadin.shared.ui.flash.FlashState as a bean
[INFO] Visiting FormConnector with ConnectorInitVisitor
[INFO] FormConnector will be in the eager bundle
[INFO] Will serialize class com.vaadin.shared.ui.form.FormState as a bean
[INFO] Visiting FormLayoutConnector with ConnectorInitVisitor
[INFO] FormLayoutConnector will be in the eager bundle
[INFO] Will serialize class com.vaadin.shared.ui.orderedlayout.FormLayoutState as a bean
[INFO] Will serialize class java.util.HashMap<com.vaadin.shared.Connector, com.vaadin.shared.ui.orderedlayout.AbstractOrderedLayoutState.ChildComponentData> as a bean
[INFO] Will serialize class com.vaadin.shared.ui.orderedlayout.AbstractOrderedLayoutState.ChildComponentData as a bean
[INFO] Visiting GridConnector with ConnectorInitVisitor
[INFO] GridConnector will be in the eager bundle
[INFO] Will serialize class com.vaadin.shared.ui.grid.GridState as a bean
[INFO] Will serialize class com.vaadin.shared.ui.grid.HeightMode as an enum
[INFO] Will serialize com.vaadin.shared.data.sort.SortDirection[] as an array
[INFO] Will serialize class com.vaadin.shared.data.sort.SortDirection as an enum
[INFO] Will serialize java.lang.String[] as an array
[INFO] Will serialize class com.vaadin.shared.ui.grid.GridStaticSectionState as a bean
[INFO] Will serialize class com.vaadin.shared.ui.grid.GridStaticSectionState.RowState as a bean
[INFO] Will serialize class com.vaadin.shared.ui.grid.GridColumnState as a bean
[INFO] Will serialize class com.vaadin.shared.ui.grid.GridStaticSectionState.CellState as a bean
[INFO] Will serialize class com.vaadin.shared.ui.grid.GridStaticCellType as an enum
[INFO] Visiting DetailComponentManagerConnector with ConnectorInitVisitor
[INFO] DetailComponentManagerConnector will be in the eager bundle
[INFO] Visiting MultiSelectionModelConnector with ConnectorInitVisitor
[INFO] MultiSelectionModelConnector will be in the eager bundle
[INFO] Will serialize class com.vaadin.shared.ui.grid.selection.MultiSelectionModelState as a bean
[INFO] Visiting NoSelectionModelConnector with ConnectorInitVisitor
[INFO] NoSelectionModelConnector will be in the eager bundle
[INFO] Visiting SingleSelectionModelConnector with ConnectorInitVisitor
[INFO] SingleSelectionModelConnector will be in the eager bundle
[INFO] Will serialize class com.vaadin.shared.ui.grid.selection.SingleSelectionModelState as a bean
[INFO] Visiting GridLayoutConnector with ConnectorInitVisitor
[INFO] GridLayoutConnector will be in the eager bundle
[INFO] Will serialize class com.vaadin.shared.ui.gridlayout.GridLayoutState as a bean
[INFO] Will serialize class com.vaadin.shared.ui.gridlayout.GridLayoutState.ChildComponentData as a bean
[INFO] Visiting HorizontalLayoutConnector with ConnectorInitVisitor
[INFO] HorizontalLayoutConnector will be in the eager bundle
[INFO] Will serialize class com.vaadin.shared.ui.orderedlayout.HorizontalLayoutState as a bean
[INFO] Visiting HorizontalSplitPanelConnector with ConnectorInitVisitor
[INFO] HorizontalSplitPanelConnector will be in the eager bundle
[INFO] Will serialize class com.vaadin.shared.ui.splitpanel.HorizontalSplitPanelState as a bean
[INFO] Will serialize class com.vaadin.shared.ui.splitpanel.AbstractSplitPanelState.SplitterState as a bean
[INFO] Visiting ImageConnector with ConnectorInitVisitor
[INFO] ImageConnector will be in the eager bundle
[INFO] Will serialize class com.vaadin.shared.ui.image.ImageState as a bean
[INFO] Visiting InlineDateFieldConnector with ConnectorInitVisitor
[INFO] InlineDateFieldConnector will be in the eager bundle
[INFO] Will serialize class com.vaadin.shared.ui.datefield.InlineDateFieldState as a bean
[INFO] Visiting JavaScriptManagerConnector with ConnectorInitVisitor
[INFO] JavaScriptManagerConnector will be in the eager bundle
[INFO] Will serialize class com.vaadin.shared.extension.javascriptmanager.JavaScriptManagerState as a bean
[INFO] Visiting LabelConnector with ConnectorInitVisitor
[INFO] LabelConnector will be in the eager bundle
[INFO] Will serialize class com.vaadin.shared.ui.label.LabelState as a bean
[INFO] Will serialize class com.vaadin.shared.ui.label.ContentMode as an enum
[INFO] Visiting LinkConnector with ConnectorInitVisitor
[INFO] LinkConnector will be in the eager bundle
[INFO] Will serialize class com.vaadin.shared.ui.link.LinkState as a bean
[INFO] Will serialize class com.vaadin.shared.ui.BorderStyle as an enum
[INFO] Visiting ListSelectConnector with ConnectorInitVisitor
[INFO] ListSelectConnector will be in the eager bundle
[INFO] Will serialize class com.vaadin.shared.ui.select.AbstractSelectState as a bean
[INFO] Visiting MenuBarConnector with ConnectorInitVisitor
[INFO] MenuBarConnector will be in the eager bundle
[INFO] Will serialize class com.vaadin.shared.ui.menubar.MenuBarState as a bean
[INFO] Visiting NativeButtonConnector with ConnectorInitVisitor
[INFO] NativeButtonConnector will be in the eager bundle
[INFO] Will serialize class com.vaadin.shared.ui.button.NativeButtonState as a bean
[INFO] Visiting NativeSelectConnector with ConnectorInitVisitor
[INFO] NativeSelectConnector will be in the eager bundle
[INFO] Visiting OptionGroupConnector with ConnectorInitVisitor
[INFO] OptionGroupConnector will be in the eager bundle
[INFO] Will serialize class com.vaadin.shared.ui.optiongroup.OptionGroupState as a bean
[INFO] Visiting PanelConnector with ConnectorInitVisitor
[INFO] PanelConnector will be in the eager bundle
[INFO] Will serialize class com.vaadin.shared.ui.panel.PanelState as a bean
[INFO] Visiting PasswordFieldConnector with ConnectorInitVisitor
[INFO] PasswordFieldConnector will be in the eager bundle
[INFO] Will serialize class com.vaadin.shared.ui.textfield.AbstractTextFieldState as a bean
[INFO] Visiting PopupDateFieldConnector with ConnectorInitVisitor
[INFO] PopupDateFieldConnector will be in the eager bundle
[INFO] Visiting PopupViewConnector with ConnectorInitVisitor
[INFO] PopupViewConnector will be in the eager bundle
[INFO] Will serialize class com.vaadin.shared.ui.popupview.PopupViewState as a bean
[INFO] Visiting ProgressBarConnector with ConnectorInitVisitor
[INFO] ProgressBarConnector will be in the eager bundle
[INFO] Will serialize class com.vaadin.shared.ui.progressindicator.ProgressBarState as a bean
[INFO] Visiting ProgressIndicatorConnector with ConnectorInitVisitor
[INFO] ProgressIndicatorConnector will be in the eager bundle
[INFO] Will serialize class com.vaadin.shared.ui.progressindicator.ProgressIndicatorState as a bean
[INFO] Visiting SliderConnector with ConnectorInitVisitor
[INFO] SliderConnector will be in the eager bundle
[INFO] Will serialize class com.vaadin.shared.ui.slider.SliderState as a bean
[INFO] Will serialize class com.vaadin.shared.ui.slider.SliderOrientation as an enum
[INFO] Visiting TabsheetConnector with ConnectorInitVisitor
[INFO] TabsheetConnector will be in the eager bundle
[INFO] Will serialize class com.vaadin.shared.ui.tabsheet.TabsheetState as a bean
[INFO] Visiting TableConnector with ConnectorInitVisitor
[INFO] TableConnector will be in the eager bundle
[INFO] Will serialize class com.vaadin.shared.ui.table.TableState as a bean
[INFO] Will serialize class com.vaadin.shared.ui.table.CollapseMenuContent as an enum
[INFO] Visiting TextAreaConnector with ConnectorInitVisitor
[INFO] TextAreaConnector will be in the eager bundle
[INFO] Will serialize class com.vaadin.shared.ui.textarea.TextAreaState as a bean
[INFO] Visiting TextFieldConnector with ConnectorInitVisitor
[INFO] TextFieldConnector will be in the eager bundle
[INFO] Visiting TreeConnector with ConnectorInitVisitor
[INFO] TreeConnector will be in the eager bundle
[INFO] Will serialize class com.vaadin.shared.ui.tree.TreeState as a bean
[INFO] Visiting TreeTableConnector with ConnectorInitVisitor
[INFO] TreeTableConnector will be in the eager bundle
[INFO] Will serialize class com.vaadin.shared.ui.treetable.TreeTableState as a bean
[INFO] Visiting TwinColSelectConnector with ConnectorInitVisitor
[INFO] TwinColSelectConnector will be in the eager bundle
[INFO] Will serialize class com.vaadin.shared.ui.twincolselect.TwinColSelectState as a bean
[INFO] Visiting UIConnector with ConnectorInitVisitor
[INFO] UIConnector will be in the eager bundle
[INFO] Will serialize class com.vaadin.shared.ui.ui.UIState as a bean
[INFO] Will serialize class com.vaadin.shared.ui.ui.PageState as a bean
[INFO] Will serialize class com.vaadin.shared.ui.ui.UIState.ReconnectDialogConfigurationState as a bean
[INFO] Will serialize class com.vaadin.shared.ui.ui.UIState.NotificationTypeConfiguration as a bean
[INFO] Will serialize class com.vaadin.shared.ui.ui.UIState.PushConfigurationState as a bean
[INFO] Will serialize class com.vaadin.shared.ui.ui.UIState.TooltipConfigurationState as a bean
[INFO] Will serialize class com.vaadin.shared.communication.PushMode as an enum
[INFO] Will serialize class com.vaadin.shared.ui.ui.UIState.LocaleServiceState as a bean
[INFO] Will serialize class com.vaadin.shared.ui.ui.UIState.LocaleData as a bean
[INFO] Will serialize class com.vaadin.shared.ui.ui.UIState.LoadingIndicatorConfigurationState as a bean
[INFO] Will serialize class com.vaadin.shared.ui.ui.NotificationRole as an enum
[INFO] Visiting UploadConnector with ConnectorInitVisitor
[INFO] UploadConnector will be in the eager bundle
[INFO] Will serialize class com.vaadin.shared.ui.upload.UploadState as a bean
[INFO] Visiting VerticalLayoutConnector with ConnectorInitVisitor
[INFO] VerticalLayoutConnector will be in the eager bundle
[INFO] Will serialize class com.vaadin.shared.ui.orderedlayout.VerticalLayoutState as a bean
[INFO] Visiting VerticalSplitPanelConnector with ConnectorInitVisitor
[INFO] VerticalSplitPanelConnector will be in the eager bundle
[INFO] Will serialize class com.vaadin.shared.ui.splitpanel.VerticalSplitPanelState as a bean
[INFO] Visiting VideoConnector with ConnectorInitVisitor
[INFO] VideoConnector will be in the eager bundle
[INFO] Will serialize class com.vaadin.shared.ui.video.VideoState as a bean
[INFO] Visiting WindowConnector with ConnectorInitVisitor
[INFO] WindowConnector will be in the eager bundle
[INFO] Will serialize class com.vaadin.shared.ui.window.WindowState as a bean
[INFO] Will serialize class com.vaadin.shared.ui.window.WindowRole as an enum
[INFO] Will serialize com.vaadin.shared.Connector[] as an array
[INFO] Will serialize class com.vaadin.shared.ui.window.WindowMode as an enum
[INFO] Visiting JavaScriptRendererConnector with ConnectorInitVisitor
[INFO] JavaScriptRendererConnector will be in the eager bundle
[INFO] Visiting ButtonRendererConnector with ConnectorInitVisitor
[INFO] ButtonRendererConnector will be in the eager bundle
[INFO] Visiting DateRendererConnector with ConnectorInitVisitor
[INFO] DateRendererConnector will be in the eager bundle
[INFO] Visiting UnsafeHtmlRendererConnector with ConnectorInitVisitor
[INFO] UnsafeHtmlRendererConnector will be in the eager bundle
[INFO] Visiting ImageRendererConnector with ConnectorInitVisitor
[INFO] ImageRendererConnector will be in the eager bundle
[INFO] Visiting NumberRendererConnector with ConnectorInitVisitor
[INFO] NumberRendererConnector will be in the eager bundle
[INFO] Visiting ProgressBarRendererConnector with ConnectorInitVisitor
[INFO] ProgressBarRendererConnector will be in the eager bundle
[INFO] Visiting TextRendererConnector with ConnectorInitVisitor
[INFO] TextRendererConnector will be in the eager bundle
[INFO] Will serialize class com.vaadin.shared.ui.grid.ScrollDestination as an enum
[INFO] Will serialize class com.vaadin.shared.MouseEventDetails as a bean
[INFO] Will serialize class com.vaadin.shared.MouseEventDetails.MouseButton as an enum
[INFO] Will serialize class com.vaadin.shared.ui.table.TableConstants.Section as an enum
[INFO] Will serialize class com.vaadin.shared.ui.grid.GridConstants.Section as an enum
[INFO] Will serialize class com.vaadin.addon.charts.shared.MouseEventDetails as a bean
[INFO] Will serialize class com.vaadin.addon.charts.shared.DrilldownEventDetails as a bean
[INFO] Will serialize class com.vaadin.addon.charts.shared.DrilldownPointDetails as a bean
[INFO] Will serialize class com.vaadin.addon.charts.shared.MouseEventDetails.MouseButton as an enum
[INFO] Populating CalendarConnector bundle
[INFO] Visiting CalendarConnector with ConnectorInitVisitor
[INFO] CalendarConnector will be in the CalendarConnector bundle
[INFO] Will serialize class com.vaadin.shared.ui.calendar.CalendarState as a bean
[INFO] Will serialize class com.vaadin.shared.ui.calendar.CalendarState.Event as a bean
[INFO] Will serialize class com.vaadin.shared.ui.calendar.CalendarState.Day as a bean
[INFO] Will serialize class com.vaadin.shared.ui.calendar.CalendarState.Action as a bean
[INFO] Populating ColorPickerConnector bundle
[INFO] Visiting ColorPickerConnector with ConnectorInitVisitor
[INFO] ColorPickerConnector will be in the ColorPickerConnector bundle
[INFO] Will serialize class com.vaadin.shared.ui.colorpicker.ColorPickerState as a bean
[INFO] Populating ColorPickerAreaConnector bundle
[INFO] Visiting ColorPickerAreaConnector with ConnectorInitVisitor
[INFO] ColorPickerAreaConnector will be in the ColorPickerAreaConnector bundle
[INFO] Will serialize class com.vaadin.shared.ui.colorpicker.ColorPickerState as a bean
[INFO] Populating RichTextAreaConnector bundle
[INFO] Visiting RichTextAreaConnector with ConnectorInitVisitor
[INFO] RichTextAreaConnector will be in the RichTextAreaConnector bundle
[INFO] Will serialize class com.vaadin.shared.ui.textarea.RichTextAreaState as a bean
[INFO] Populating ColorPickerGradientConnector bundle
[INFO] Visiting ColorPickerGradientConnector with ConnectorInitVisitor
[INFO] ColorPickerGradientConnector will be in the ColorPickerGradientConnector bundle
[INFO] Will serialize class com.vaadin.shared.ui.colorpicker.ColorPickerGradientState as a bean
[INFO] Populating ColorPickerGridConnector bundle
[INFO] Visiting ColorPickerGridConnector with ConnectorInitVisitor
[INFO] ColorPickerGridConnector will be in the ColorPickerGridConnector bundle
[INFO] Will serialize class com.vaadin.shared.ui.colorpicker.ColorPickerGridState as a bean
[INFO] Adding '1' new generated units
[WARN] Warnings in 'generated://A8F112340640EB2A8BD09278AD5260CC/com/vaadin/client/metadata/ConnectorBundleLoaderImpl.java'
[WARN] Line 4664: Referencing deprecated class 'com.vaadin.shared.ui.progressindicator.ProgressIndicatorState'
[WARN] Line 4667: Referencing deprecated class 'com.vaadin.shared.ui.progressindicator.ProgressIndicatorState'
[WARN] Line 4670: Referencing deprecated class 'com.vaadin.shared.ui.progressindicator.ProgressIndicatorState'
[INFO] See snapshot: C:\cygwin\tmp\com.vaadin.client.metadata.ConnectorBundleLoaderImpl7600018693363656974.java
[INFO] Adding '1' new generated units
[WARN] Warnings in 'generated://0D47960E64AE80D377282C5A66D09296/com/vaadin/addon/charts/client/HighchartResources_default_InlineClientBundleGenerator.java'
[WARN] Line 370: Referencing method 'com.vaadin.addon.charts.client.HighchartResources.jquery': method 'com.vaadin.addon.charts.client.HighchartResources.jquery()' is deprecated
[INFO] See snapshot: C:\cygwin\tmp\com.vaadin.addon.charts.client.HighchartResources_default_InlineClientBundleGenerator7669037319291907769.java
[INFO] Computing all possible rebind results for 'com.vaadin.client.ui.dd.VAcceptCriterionFactory'
[INFO] Rebinding com.vaadin.client.ui.dd.VAcceptCriterionFactory
[INFO] Invoking generator com.vaadin.server.widgetsetutils.AcceptCriteriaFactoryGenerator
[INFO] Detecting available criteria ...
[INFO] creating mapping for com.vaadin.event.dd.acceptcriteria.AcceptAll
[INFO] creating mapping for com.vaadin.event.dd.acceptcriteria.And
[INFO] creating mapping for com.vaadin.event.dd.acceptcriteria.ContainsDataFlavor
[INFO] creating mapping for com.vaadin.event.dd.acceptcriteria.SourceIs
[INFO] creating mapping for com.vaadin.ui.AbstractSelect.TargetItemIs
[INFO] creating mapping for com.vaadin.ui.AbstractSelect.AcceptItem
[INFO] creating mapping for com.vaadin.ui.Table.TableDropCriterion
[INFO] creating mapping for com.vaadin.ui.Tree.TreeDropCriterion
[INFO] creating mapping for com.vaadin.event.dd.acceptcriteria.Not
[INFO] creating mapping for com.vaadin.event.dd.acceptcriteria.Or
[INFO] creating mapping for com.vaadin.event.dd.acceptcriteria.ServerSideCriterion
[INFO] creating mapping for com.vaadin.event.dd.acceptcriteria.SourceIsTarget
[INFO] creating mapping for com.vaadin.event.dd.acceptcriteria.TargetDetailIs
[INFO] creating mapping for com.vaadin.ui.Tree.TargetInSubtree
[INFO] Done. (0seconds)
[INFO] Compiling 1 permutation
[INFO] Compiling permutation 0...
[INFO] Compile of permutations succeeded
[INFO] Compilation succeeded -- 25,324s
[INFO] Linking into C:\dev\gradle-spring-init\src\main\webapp\VAADIN\widgetsets\AppWidgetset
[INFO] Link succeeded
[INFO] Linking succeeded -- 0,965s
